\BOOKMARK [1][-]{section.1}{Introduzione}{}% 1
\BOOKMARK [1][-]{section.2}{Inquadramento territoriale}{}% 2
\BOOKMARK [2][-]{subsection.2.1}{Vegetazione autoctona}{section.2}% 3
\BOOKMARK [1][-]{section.3}{Struttura precedente}{}% 4
\BOOKMARK [2][-]{subsection.3.1}{Collocazione}{section.3}% 5
\BOOKMARK [1][-]{section.4}{Regolamento Comune}{}% 6
\BOOKMARK [2][-]{subsection.4.1}{Art. 3 \(L\) - Definizioni degli interventi edilizi}{section.4}% 7
\BOOKMARK [2][-]{subsection.4.2}{Art. 10 \(L\) - Interventi subordinati a permesso di costruire}{section.4}% 8
\BOOKMARK [1][-]{section.5}{Idea Progettuale}{}% 9
\BOOKMARK [2][-]{subsection.5.1}{Ispirazione}{section.5}% 10
\BOOKMARK [2][-]{subsection.5.2}{Struttura}{section.5}% 11
\BOOKMARK [2][-]{subsection.5.3}{Analisi delle indicazione ergonomiche relative ai moduli costituenti il bancone da lavoro }{section.5}% 12
\BOOKMARK [1][-]{section.6}{Utilizzo degli spazi nel chiosco interno ed esterno}{}% 13
\BOOKMARK [2][-]{subsection.6.1}{Progettazione bancone}{section.6}% 14
\BOOKMARK [1][-]{section.7}{Rafforzamento argine ruscello}{}% 15
\BOOKMARK [2][-]{subsection.7.1}{Barriera anti rumore}{section.7}% 16
\BOOKMARK [2][-]{subsection.7.2}{Come l\220ho realizzata}{section.7}% 17
\BOOKMARK [2][-]{subsection.7.3}{Allestimento Esterno}{section.7}% 18
\BOOKMARK [1][-]{section.8}{Conclusione}{}% 19
\BOOKMARK [1][-]{section.8}{Sitografia}{}% 20
\BOOKMARK [1][-]{section.8}{Sitografia}{}% 21
